2019-01-02 09:54:51,717 [main] INFO  org.mule.module.launcher.application.DefaultMuleApplication - 
++++++++++++++++++++++++++++++++++++++++++++++++++++++++++++
+ Initializing app 'lesson01'                              +
++++++++++++++++++++++++++++++++++++++++++++++++++++++++++++
2019-01-02 09:54:52,099 [main] INFO  org.mule.lifecycle.AbstractLifecycleManager - Initialising RegistryBroker
2019-01-02 09:54:52,273 [main] INFO  org.mule.module.extension.internal.manager.DefaultExtensionManager - Starting discovery of extensions
2019-01-02 09:54:52,434 [main] INFO  org.mule.module.extension.internal.manager.DefaultExtensionManager - Discovered 1 extensions
2019-01-02 09:54:52,434 [main] INFO  org.mule.module.extension.internal.manager.DefaultExtensionManager - Registering extension validation (version 3.9)
2019-01-02 09:54:52,523 [main] INFO  org.mule.config.spring.MuleArtifactContext - Refreshing org.mule.config.spring.MuleArtifactContext@3d9f6567: startup date [Wed Jan 02 09:54:52 CST 2019]; root of context hierarchy
2019-01-02 09:54:54,762 [main] INFO  org.mule.config.spring.processors.NoDevkitInjectorProcessor - JSR-330 'javax.inject.Inject' annotation found and supported for autowiring
2019-01-02 09:54:55,500 [main] WARN  org.springframework.beans.GenericTypeAwarePropertyDescriptor - Invalid JavaBean property 'port' being accessed! Ambiguous write methods found next to actually used [public void org.mule.endpoint.URIBuilder.setPort(java.lang.String)]: [public void org.mule.endpoint.URIBuilder.setPort(int)]
2019-01-02 09:54:55,530 [main] WARN  org.mule.transport.http.HttpConnector - HTTP transport is deprecated and will be removed in Mule 4.0. Use HTTP module instead.
2019-01-02 09:54:56,061 [main] WARN  org.mule.module.ognl.expression.OgnlExpressionEvaluator - OGNL module is deprecated and will be removed in Mule 4.0. Use MEL expressions instead.
2019-01-02 09:54:56,433 [main] INFO  org.mule.util.journal.TransactionJournal - Using files for tx logs D:\MyRemoteWorkspace\.mule\.\.mule\lesson01\queue-tx-log\tx1.log and D:\MyRemoteWorkspace\.mule\.\.mule\lesson01\queue-tx-log\tx2.log
2019-01-02 09:54:56,447 [main] INFO  org.mule.util.journal.TransactionJournal - Using files for tx logs D:\MyRemoteWorkspace\.mule\.\.mule\lesson01\queue-xa-tx-log\tx1.log and D:\MyRemoteWorkspace\.mule\.\.mule\lesson01\queue-xa-tx-log\tx2.log
2019-01-02 09:54:56,451 [main] INFO  org.mule.lifecycle.AbstractLifecycleManager - Initialising connector: Active_MQ
2019-01-02 09:54:56,479 [main] INFO  org.mule.lifecycle.AbstractLifecycleManager - Initialising connector: connector.VM.mule.default
2019-01-02 09:54:56,486 [main] INFO  org.mule.lifecycle.AbstractLifecycleManager - Initialising connector: connector.http.mule.default
2019-01-02 09:54:56,567 [main] INFO  org.mule.lifecycle.AbstractLifecycleManager - Initialising model: _muleSystemModel
2019-01-02 09:54:56,575 [main] INFO  org.mule.construct.FlowConstructLifecycleManager - Initialising flow: lesson01Flow1
2019-01-02 09:54:56,575 [main] INFO  org.mule.exception.DefaultMessagingExceptionStrategy - Initialising exception listener: org.mule.exception.DefaultMessagingExceptionStrategy@1386313f
2019-01-02 09:54:56,624 [main] INFO  org.mule.processor.SedaStageLifecycleManager - Initialising service: lesson01Flow1.stage1
2019-01-02 09:54:56,645 [main] INFO  org.mule.construct.FlowConstructLifecycleManager - Initialising flow: lesson01Flow
2019-01-02 09:54:56,645 [main] INFO  org.mule.exception.DefaultMessagingExceptionStrategy - Initialising exception listener: org.mule.exception.DefaultMessagingExceptionStrategy@1455154c
2019-01-02 09:54:56,648 [main] INFO  org.mule.processor.SedaStageLifecycleManager - Initialising service: lesson01Flow.stage1
2019-01-02 09:54:56,648 [main] INFO  org.mule.construct.FlowConstructLifecycleManager - Initialising flow: HelloWorld-main
2019-01-02 09:54:56,649 [main] INFO  org.mule.module.apikit.MappingExceptionListener - Initialising exception listener: MappingExceptionListener{statusCode=404, exceptions=[org.mule.module.apikit.exception.NotFoundException]}
2019-01-02 09:54:56,651 [main] INFO  org.mule.module.apikit.MappingExceptionListener - Initialising exception listener: MappingExceptionListener{statusCode=405, exceptions=[org.mule.module.apikit.exception.MethodNotAllowedException]}
2019-01-02 09:54:56,651 [main] INFO  org.mule.module.apikit.MappingExceptionListener - Initialising exception listener: MappingExceptionListener{statusCode=415, exceptions=[org.mule.module.apikit.exception.UnsupportedMediaTypeException]}
2019-01-02 09:54:56,651 [main] INFO  org.mule.module.apikit.MappingExceptionListener - Initialising exception listener: MappingExceptionListener{statusCode=406, exceptions=[org.mule.module.apikit.exception.NotAcceptableException]}
2019-01-02 09:54:56,652 [main] INFO  org.mule.module.apikit.MappingExceptionListener - Initialising exception listener: MappingExceptionListener{statusCode=400, exceptions=[org.mule.module.apikit.exception.BadRequestException]}
2019-01-02 09:54:56,668 [main] INFO  org.mule.processor.SedaStageLifecycleManager - Initialising service: HelloWorld-main.stage1
2019-01-02 09:54:56,669 [main] INFO  org.mule.construct.FlowConstructLifecycleManager - Initialising flow: HelloWorld-console
2019-01-02 09:54:56,669 [main] INFO  org.mule.exception.DefaultMessagingExceptionStrategy - Initialising exception listener: org.mule.exception.DefaultMessagingExceptionStrategy@69afa141
2019-01-02 09:54:56,673 [main] INFO  org.mule.processor.SedaStageLifecycleManager - Initialising service: HelloWorld-console.stage1
2019-01-02 09:54:56,678 [main] INFO  org.mule.construct.FlowConstructLifecycleManager - Initialising flow: get:/hello:HelloWorld-config
2019-01-02 09:54:56,678 [main] INFO  org.mule.exception.DefaultMessagingExceptionStrategy - Initialising exception listener: org.mule.exception.DefaultMessagingExceptionStrategy@4f3faa70
2019-01-02 09:54:56,685 [main] INFO  org.mule.processor.SedaStageLifecycleManager - Initialising service: get:/hello:HelloWorld-config.stage1
2019-01-02 09:54:57,301 [main] INFO  org.mule.module.apikit.Configuration - Building resource URI cache...
2019-01-02 09:54:57,580 [main] INFO  org.mule.config.spring.SpringXmlConfigurationBuilder - Configured Mule using "org.mule.config.spring.SpringXmlConfigurationBuilder" with configuration resource(s): "[ConfigResource{resourceName='D:\MyRemoteWorkspace\.mule\apps\lesson01\lesson01.xml'}, ConfigResource{resourceName='D:\MyRemoteWorkspace\.mule\apps\lesson01\HelloWorld.xml'}]"
2019-01-02 09:54:57,580 [main] INFO  org.mule.config.builders.AutoConfigurationBuilder - Configured Mule using "org.mule.config.builders.AutoConfigurationBuilder" with configuration resource(s): "[ConfigResource{resourceName='D:\MyRemoteWorkspace\.mule\apps\lesson01\lesson01.xml'}, ConfigResource{resourceName='D:\MyRemoteWorkspace\.mule\apps\lesson01\HelloWorld.xml'}]"
2019-01-02 09:54:57,581 [main] INFO  org.mule.module.launcher.application.DefaultMuleApplication - 
++++++++++++++++++++++++++++++++++++++++++++++++++++++++++++
+ Starting app 'lesson01'                                  +
++++++++++++++++++++++++++++++++++++++++++++++++++++++++++++
2019-01-02 09:54:57,584 [main] INFO  org.mule.util.queue.QueueXaResourceManager - Starting ResourceManager
2019-01-02 09:54:57,584 [main] INFO  org.mule.util.queue.QueueXaResourceManager - Started ResourceManager
2019-01-02 09:54:57,627 [main] INFO  org.mule.module.http.internal.listener.DefaultHttpListenerConfig - Listening for requests on http://0.0.0.0:8081
2019-01-02 09:54:58,399 [main] ERROR org.apache.activemq.broker.BrokerService - Temporary Store limit is 51200 mb, whilst the temporary data directory: D:\MyRemoteWorkspace\lesson01\activemq-data\localhost\tmp_storage only has 47742 mb of usable space - resetting to maximum available 47742 mb.
2019-01-02 09:54:58,565 [main] INFO  org.mule.transport.jms.activemq.ActiveMQJmsConnector - Connected: ActiveMQJmsConnector
{
  name=Active_MQ
  lifecycle=initialise
  this=6c5ddccd
  numberOfConcurrentTransactedReceivers=4
  createMultipleTransactedReceivers=true
  connected=true
  supportedProtocols=[jms]
  serviceOverrides=<none>
}

2019-01-02 09:54:58,565 [main] INFO  org.mule.transport.jms.activemq.ActiveMQJmsConnector - Starting: ActiveMQJmsConnector
{
  name=Active_MQ
  lifecycle=initialise
  this=6c5ddccd
  numberOfConcurrentTransactedReceivers=4
  createMultipleTransactedReceivers=true
  connected=true
  supportedProtocols=[jms]
  serviceOverrides=<none>
}

2019-01-02 09:54:58,567 [main] INFO  org.mule.lifecycle.AbstractLifecycleManager - Starting connector: Active_MQ
2019-01-02 09:54:58,569 [main] INFO  org.mule.transport.vm.VMConnector - Connected: VMConnector
{
  name=connector.VM.mule.default
  lifecycle=initialise
  this=367f0121
  numberOfConcurrentTransactedReceivers=4
  createMultipleTransactedReceivers=true
  connected=true
  supportedProtocols=[vm]
  serviceOverrides=<none>
}

2019-01-02 09:54:58,569 [main] INFO  org.mule.transport.vm.VMConnector - Starting: VMConnector
{
  name=connector.VM.mule.default
  lifecycle=initialise
  this=367f0121
  numberOfConcurrentTransactedReceivers=4
  createMultipleTransactedReceivers=true
  connected=true
  supportedProtocols=[vm]
  serviceOverrides=<none>
}

2019-01-02 09:54:58,569 [main] INFO  org.mule.lifecycle.AbstractLifecycleManager - Starting connector: connector.VM.mule.default
2019-01-02 09:54:58,569 [main] INFO  org.mule.transport.http.HttpConnector - Connected: HttpConnector
{
  name=connector.http.mule.default
  lifecycle=initialise
  this=49d831c2
  numberOfConcurrentTransactedReceivers=4
  createMultipleTransactedReceivers=true
  connected=true
  supportedProtocols=[http]
  serviceOverrides=<none>
}

2019-01-02 09:54:58,569 [main] INFO  org.mule.transport.http.HttpConnector - Starting: HttpConnector
{
  name=connector.http.mule.default
  lifecycle=initialise
  this=49d831c2
  numberOfConcurrentTransactedReceivers=4
  createMultipleTransactedReceivers=true
  connected=true
  supportedProtocols=[http]
  serviceOverrides=<none>
}

2019-01-02 09:54:58,569 [main] INFO  org.mule.lifecycle.AbstractLifecycleManager - Starting connector: connector.http.mule.default
2019-01-02 09:54:58,578 [main] INFO  org.mule.lifecycle.AbstractLifecycleManager - Starting model: _muleSystemModel
2019-01-02 09:54:58,581 [main] INFO  org.mule.construct.FlowConstructLifecycleManager - Starting flow: lesson01Flow1
2019-01-02 09:54:58,582 [main] INFO  org.mule.processor.SedaStageLifecycleManager - Starting service: lesson01Flow1.stage1
2019-01-02 09:54:58,590 [main] INFO  org.mule.construct.FlowConstructLifecycleManager - Starting flow: lesson01Flow
2019-01-02 09:54:58,592 [main] INFO  org.mule.processor.SedaStageLifecycleManager - Starting service: lesson01Flow.stage1
2019-01-02 09:54:58,595 [main] INFO  org.mule.construct.FlowConstructLifecycleManager - Starting flow: HelloWorld-main
2019-01-02 09:54:58,595 [main] INFO  org.mule.processor.SedaStageLifecycleManager - Starting service: HelloWorld-main.stage1
2019-01-02 09:54:58,614 [main] INFO  org.mule.module.apikit.Configuration - 
********************************************************************************
* APIKit Console URL: http://127.0.0.1:8081/console                            *
********************************************************************************
2019-01-02 09:54:58,614 [main] INFO  org.mule.construct.FlowConstructLifecycleManager - Starting flow: HelloWorld-console
2019-01-02 09:54:58,614 [main] INFO  org.mule.processor.SedaStageLifecycleManager - Starting service: HelloWorld-console.stage1
2019-01-02 09:54:58,619 [main] INFO  org.mule.construct.FlowConstructLifecycleManager - Starting flow: get:/hello:HelloWorld-config
2019-01-02 09:54:58,619 [main] INFO  org.mule.processor.SedaStageLifecycleManager - Starting service: get:/hello:HelloWorld-config.stage1
2019-01-02 09:54:58,667 [main] INFO  org.mule.transport.vm.VMConnector - Registering listener: lesson01Flow1 on endpointUri: vm://qs
2019-01-02 09:54:58,702 [main] INFO  org.mule.lifecycle.AbstractLifecycleManager - Initialising: 'null'. Object is: VMMessageReceiver
2019-01-02 09:54:58,704 [main] INFO  org.mule.transport.vm.VMMessageReceiver - Connecting clusterizable message receiver
2019-01-02 09:54:58,704 [main] INFO  org.mule.lifecycle.AbstractLifecycleManager - Starting: 'null'. Object is: VMMessageReceiver
2019-01-02 09:54:58,704 [main] INFO  org.mule.transport.vm.VMMessageReceiver - Starting clusterizable message receiver
2019-01-02 09:54:58,705 [main] INFO  org.mule.transport.http.HttpConnector - Registering listener: lesson01Flow on endpointUri: http://localhost:8081
2019-01-02 09:54:58,708 [main] INFO  org.mule.transport.service.DefaultTransportServiceDescriptor - Loading default response transformer: org.mule.transport.http.transformers.MuleMessageToHttpResponse
2019-01-02 09:54:58,792 [main] INFO  org.mule.lifecycle.AbstractLifecycleManager - Initialising: 'null'. Object is: HttpMessageReceiver
2019-01-02 09:54:58,799 [main] INFO  org.mule.transport.http.HttpMessageReceiver - Connecting clusterizable message receiver
2019-01-02 09:54:58,809 [main] ERROR org.mule.module.launcher.application.DefaultMuleApplication - 
********************************************************************************
Message               : Failed to start inbound endpoint "endpoint.http.localhost.8081"
Element               : /endpoint.http.localhost.8081 @ app:lesson01.xml:19 (HTTP)
--------------------------------------------------------------------------------
Root Exception stack trace:
java.net.BindException: Address already in use: JVM_Bind
	at java.net.TwoStacksPlainSocketImpl.socketBind(Native Method)
	at java.net.TwoStacksPlainSocketImpl.socketBind(TwoStacksPlainSocketImpl.java:137)
	at java.net.AbstractPlainSocketImpl.bind(AbstractPlainSocketImpl.java:387)
	at java.net.TwoStacksPlainSocketImpl.bind(TwoStacksPlainSocketImpl.java:110)
	at java.net.PlainSocketImpl.bind(PlainSocketImpl.java:190)
	at java.net.ServerSocket.bind(ServerSocket.java:375)
	at org.mule.transport.tcp.TcpServerSocketFactory.configure(TcpServerSocketFactory.java:60)
	at org.mule.transport.tcp.TcpServerSocketFactory.createServerSocket(TcpServerSocketFactory.java:44)
	at org.mule.transport.tcp.TcpServerSocketFactory.createServerSocket(TcpServerSocketFactory.java:38)
	at org.mule.transport.tcp.TcpConnector.getServerSocket(TcpConnector.java:500)
	at org.mule.transport.http.HttpConnector.getServerSocket(HttpConnector.java:737)
	at org.mule.transport.http.HttpConnectionManager.addConnection(HttpConnectionManager.java:61)
	at org.mule.transport.http.HttpConnector.connect(HttpConnector.java:577)
	at org.mule.transport.http.HttpMessageReceiver.doConnect(HttpMessageReceiver.java:43)
	at org.mule.transport.AbstractMessageReceiver.connectHandler(AbstractMessageReceiver.java:448)
	at org.mule.transport.AbstractTransportMessageHandler.connect(AbstractTransportMessageHandler.java:217)
	at org.mule.transport.AbstractConnector.registerListener(AbstractConnector.java:1299)
	at org.mule.transport.http.HttpConnector.registerListener(HttpConnector.java:366)
	at org.mule.endpoint.DefaultInboundEndpoint.start(DefaultInboundEndpoint.java:105)
	at org.mule.api.lifecycle.LifecycleUtils.startIfNeeded(LifecycleUtils.java:92)
	at org.mule.DefaultMuleContext.startMessageSource(DefaultMuleContext.java:384)
	at org.mule.DefaultMuleContext.startPipelineMessageSources(DefaultMuleContext.java:375)
	at org.mule.DefaultMuleContext.startMessageSources(DefaultMuleContext.java:338)
	at org.mule.DefaultMuleContext.start(DefaultMuleContext.java:323)
	at org.mule.module.launcher.application.DefaultMuleApplication.start(DefaultMuleApplication.java:146)
	at org.mule.module.launcher.artifact.ArtifactWrapper$4.execute(ArtifactWrapper.java:106)
	at org.mule.module.launcher.artifact.ArtifactWrapper.executeWithinArtifactClassLoader(ArtifactWrapper.java:137)
	at org.mule.module.launcher.artifact.ArtifactWrapper.start(ArtifactWrapper.java:101)
	at org.mule.module.launcher.DefaultArtifactDeployer.deploy(DefaultArtifactDeployer.java:73)
	at org.mule.module.launcher.DefaultArchiveDeployer.deployArtifact(DefaultArchiveDeployer.java:536)
	at org.mule.module.launcher.DefaultArchiveDeployer.deployArtifact(DefaultArchiveDeployer.java:333)
	at org.mule.module.launcher.DefaultArchiveDeployer.deployPackagedArtifact(DefaultArchiveDeployer.java:193)
	at org.mule.module.launcher.DefaultArchiveDeployer.deployPackagedArtifact(DefaultArchiveDeployer.java:282)
	at org.mule.module.launcher.DefaultArchiveDeployer.deployPackagedArtifact(DefaultArchiveDeployer.java:80)
	at org.mule.module.launcher.DefaultArchiveDeployer.deployPackagedArtifact(DefaultArchiveDeployer.java:566)
	at org.mule.module.launcher.DeploymentDirectoryWatcher.deployPackedApps(DeploymentDirectoryWatcher.java:283)
	at org.mule.module.launcher.DeploymentDirectoryWatcher.start(DeploymentDirectoryWatcher.java:155)
	at org.mule.module.launcher.MuleDeploymentService.start(MuleDeploymentService.java:139)
	at org.mule.module.launcher.MuleContainer.start(MuleContainer.java:172)
	at org.mule.tooling.server.application.ApplicationDeployer.main(ApplicationDeployer.java:15)

********************************************************************************

2019-01-02 09:54:58,829 [main] INFO  org.mule.module.launcher.application.DefaultMuleApplication - 
++++++++++++++++++++++++++++++++++++++++++++++++++++++++++++
+ Stopping app 'lesson01'                                  +
++++++++++++++++++++++++++++++++++++++++++++++++++++++++++++
2019-01-02 09:54:58,832 [main] INFO  org.mule.construct.FlowConstructLifecycleManager - Stopping flow: lesson01Flow1
2019-01-02 09:54:58,832 [main] INFO  org.mule.transport.vm.VMConnector - Removing listener on endpointUri: vm://qs
2019-01-02 09:54:58,834 [main] INFO  org.mule.lifecycle.AbstractLifecycleManager - Stopping: 'null'. Object is: VMMessageReceiver
2019-01-02 09:54:58,837 [main] INFO  org.mule.lifecycle.AbstractLifecycleManager - Disposing: 'null'. Object is: VMMessageReceiver
2019-01-02 09:54:58,838 [main] INFO  org.mule.processor.SedaStageLifecycleManager - Stopping service: lesson01Flow1.stage1
2019-01-02 09:54:58,996 [main] INFO  org.mule.construct.FlowConstructLifecycleManager - Stopping flow: lesson01Flow
2019-01-02 09:54:58,996 [main] INFO  org.mule.transport.http.HttpConnector - Removing listener on endpointUri: http://localhost:8081
2019-01-02 09:54:58,996 [main] INFO  org.mule.lifecycle.AbstractLifecycleManager - Disposing: 'null'. Object is: HttpMessageReceiver
2019-01-02 09:54:58,996 [main] INFO  org.mule.processor.SedaStageLifecycleManager - Stopping service: lesson01Flow.stage1
2019-01-02 09:54:59,197 [main] INFO  org.mule.construct.FlowConstructLifecycleManager - Stopping flow: HelloWorld-main
2019-01-02 09:54:59,197 [main] INFO  org.mule.processor.SedaStageLifecycleManager - Stopping service: HelloWorld-main.stage1
2019-01-02 09:54:59,203 [main] INFO  org.mule.construct.FlowConstructLifecycleManager - Stopping flow: HelloWorld-console
2019-01-02 09:54:59,203 [main] INFO  org.mule.processor.SedaStageLifecycleManager - Stopping service: HelloWorld-console.stage1
2019-01-02 09:54:59,221 [main] INFO  org.mule.construct.FlowConstructLifecycleManager - Stopping flow: get:/hello:HelloWorld-config
2019-01-02 09:54:59,221 [main] INFO  org.mule.processor.SedaStageLifecycleManager - Stopping service: get:/hello:HelloWorld-config.stage1
2019-01-02 09:54:59,226 [main] INFO  org.mule.lifecycle.AbstractLifecycleManager - Stopping model: _muleSystemModel
2019-01-02 09:54:59,229 [main] INFO  org.mule.lifecycle.AbstractLifecycleManager - Stopping connector: Active_MQ
2019-01-02 09:54:59,229 [main] INFO  org.mule.lifecycle.AbstractLifecycleManager - Stopping connector: connector.VM.mule.default
2019-01-02 09:54:59,230 [main] INFO  org.mule.lifecycle.AbstractLifecycleManager - Stopping connector: connector.http.mule.default
2019-01-02 09:54:59,257 [main] INFO  org.mule.module.http.internal.listener.DefaultHttpListenerConfig - Stopped listener on http://0.0.0.0:8081
2019-01-02 09:54:59,259 [main] INFO  org.mule.util.queue.QueueXaResourceManager - Stopping ResourceManager
2019-01-02 09:54:59,260 [main] INFO  org.mule.util.queue.QueueXaResourceManager - Stopped ResourceManager
2019-01-02 09:54:59,271 [main] INFO  org.mule.module.launcher.application.DefaultMuleApplication - 
++++++++++++++++++++++++++++++++++++++++++++++++++++++++++++
+ Disposing app 'lesson01'                                 +
++++++++++++++++++++++++++++++++++++++++++++++++++++++++++++
2019-01-02 09:54:59,273 [main] INFO  org.mule.lifecycle.AbstractLifecycleManager - Disposing RegistryBroker
2019-01-02 09:54:59,274 [main] INFO  org.mule.construct.FlowConstructLifecycleManager - Disposing flow: lesson01Flow1
2019-01-02 09:54:59,275 [main] INFO  org.mule.processor.SedaStageLifecycleManager - Disposing service: lesson01Flow1.stage1
2019-01-02 09:54:59,275 [main] INFO  org.mule.construct.FlowConstructLifecycleManager - Disposing flow: lesson01Flow
2019-01-02 09:54:59,275 [main] INFO  org.mule.processor.SedaStageLifecycleManager - Disposing service: lesson01Flow.stage1
2019-01-02 09:54:59,275 [main] INFO  org.mule.construct.FlowConstructLifecycleManager - Disposing flow: HelloWorld-main
2019-01-02 09:54:59,275 [main] INFO  org.mule.processor.SedaStageLifecycleManager - Disposing service: HelloWorld-main.stage1
2019-01-02 09:54:59,276 [main] INFO  org.mule.construct.FlowConstructLifecycleManager - Disposing flow: HelloWorld-console
2019-01-02 09:54:59,276 [main] INFO  org.mule.processor.SedaStageLifecycleManager - Disposing service: HelloWorld-console.stage1
2019-01-02 09:54:59,276 [main] INFO  org.mule.construct.FlowConstructLifecycleManager - Disposing flow: get:/hello:HelloWorld-config
2019-01-02 09:54:59,276 [main] INFO  org.mule.processor.SedaStageLifecycleManager - Disposing service: get:/hello:HelloWorld-config.stage1
2019-01-02 09:54:59,278 [main] INFO  org.mule.lifecycle.AbstractLifecycleManager - Disposing model: _muleSystemModel
2019-01-02 09:54:59,320 [main] INFO  org.mule.transport.jms.activemq.ActiveMQJmsConnector - Disconnected: ActiveMQJmsConnector
{
  name=Active_MQ
  lifecycle=stop
  this=6c5ddccd
  numberOfConcurrentTransactedReceivers=4
  createMultipleTransactedReceivers=true
  connected=true
  supportedProtocols=[jms]
  serviceOverrides=<none>
}

2019-01-02 09:54:59,322 [main] INFO  org.mule.lifecycle.AbstractLifecycleManager - Disposing connector: Active_MQ
2019-01-02 09:54:59,322 [main] INFO  org.mule.transport.vm.VMConnector - Disconnected: VMConnector
{
  name=connector.VM.mule.default
  lifecycle=stop
  this=367f0121
  numberOfConcurrentTransactedReceivers=4
  createMultipleTransactedReceivers=true
  connected=true
  supportedProtocols=[vm]
  serviceOverrides=<none>
}

2019-01-02 09:54:59,322 [main] INFO  org.mule.lifecycle.AbstractLifecycleManager - Disposing connector: connector.VM.mule.default
2019-01-02 09:54:59,322 [main] INFO  org.mule.transport.http.HttpConnector - Disconnected: HttpConnector
{
  name=connector.http.mule.default
  lifecycle=stop
  this=49d831c2
  numberOfConcurrentTransactedReceivers=4
  createMultipleTransactedReceivers=true
  connected=true
  supportedProtocols=[http]
  serviceOverrides=<none>
}

2019-01-02 09:54:59,323 [main] INFO  org.mule.lifecycle.AbstractLifecycleManager - Disposing connector: connector.http.mule.default
2019-01-02 09:54:59,323 [main] INFO  org.mule.util.monitor.ExpiryMonitor - disposing monitor
2019-01-02 09:54:59,473 [main] INFO  org.mule.config.spring.MuleArtifactContext - Closing org.mule.config.spring.MuleArtifactContext@3d9f6567: startup date [Wed Jan 02 09:54:52 CST 2019]; root of context hierarchy
2019-01-02 09:54:59,485 [main] INFO  org.mule.DefaultMuleContext - 
**********************************************************************
* Application "lesson01" shut down normally on: 19-1-2 上午9:54    *
* Up for: 0 days, 0 hours, 0 mins, 1.900 sec                         *
**********************************************************************
2019-01-02 09:57:17,466 [main] INFO  org.mule.module.launcher.application.DefaultMuleApplication - 
++++++++++++++++++++++++++++++++++++++++++++++++++++++++++++
+ Initializing app 'lesson01'                              +
++++++++++++++++++++++++++++++++++++++++++++++++++++++++++++
2019-01-02 09:57:17,801 [main] INFO  org.mule.lifecycle.AbstractLifecycleManager - Initialising RegistryBroker
2019-01-02 09:57:17,947 [main] INFO  org.mule.module.extension.internal.manager.DefaultExtensionManager - Starting discovery of extensions
2019-01-02 09:57:18,078 [main] INFO  org.mule.module.extension.internal.manager.DefaultExtensionManager - Discovered 1 extensions
2019-01-02 09:57:18,078 [main] INFO  org.mule.module.extension.internal.manager.DefaultExtensionManager - Registering extension validation (version 3.9)
2019-01-02 09:57:18,141 [main] INFO  org.mule.config.spring.MuleArtifactContext - Refreshing org.mule.config.spring.MuleArtifactContext@3d9f6567: startup date [Wed Jan 02 09:57:18 CST 2019]; root of context hierarchy
2019-01-02 09:57:20,175 [main] INFO  org.mule.config.spring.processors.NoDevkitInjectorProcessor - JSR-330 'javax.inject.Inject' annotation found and supported for autowiring
2019-01-02 09:57:21,347 [main] WARN  org.mule.module.ognl.expression.OgnlExpressionEvaluator - OGNL module is deprecated and will be removed in Mule 4.0. Use MEL expressions instead.
2019-01-02 09:57:21,685 [main] INFO  org.mule.util.journal.TransactionJournal - Using files for tx logs D:\MyRemoteWorkspace\.mule\.\.mule\lesson01\queue-tx-log\tx1.log and D:\MyRemoteWorkspace\.mule\.\.mule\lesson01\queue-tx-log\tx2.log
2019-01-02 09:57:21,702 [main] INFO  org.mule.util.journal.TransactionJournal - Using files for tx logs D:\MyRemoteWorkspace\.mule\.\.mule\lesson01\queue-xa-tx-log\tx1.log and D:\MyRemoteWorkspace\.mule\.\.mule\lesson01\queue-xa-tx-log\tx2.log
2019-01-02 09:57:21,712 [main] INFO  org.mule.lifecycle.AbstractLifecycleManager - Initialising connector: Active_MQ
2019-01-02 09:57:21,740 [main] INFO  org.mule.lifecycle.AbstractLifecycleManager - Initialising connector: connector.VM.mule.default
2019-01-02 09:57:21,771 [main] INFO  org.mule.lifecycle.AbstractLifecycleManager - Initialising model: _muleSystemModel
2019-01-02 09:57:21,775 [main] INFO  org.mule.construct.FlowConstructLifecycleManager - Initialising flow: lesson01Flow1
2019-01-02 09:57:21,776 [main] INFO  org.mule.exception.DefaultMessagingExceptionStrategy - Initialising exception listener: org.mule.exception.DefaultMessagingExceptionStrategy@6a2c717f
2019-01-02 09:57:21,804 [main] INFO  org.mule.processor.SedaStageLifecycleManager - Initialising service: lesson01Flow1.stage1
2019-01-02 09:57:21,826 [main] INFO  org.mule.construct.FlowConstructLifecycleManager - Initialising flow: lesson01Flow
2019-01-02 09:57:21,826 [main] INFO  org.mule.exception.DefaultMessagingExceptionStrategy - Initialising exception listener: org.mule.exception.DefaultMessagingExceptionStrategy@6af5bbd0
2019-01-02 09:57:21,844 [main] INFO  org.mule.processor.SedaStageLifecycleManager - Initialising service: lesson01Flow.stage1
2019-01-02 09:57:21,845 [main] INFO  org.mule.construct.FlowConstructLifecycleManager - Initialising flow: HelloWorld-main
2019-01-02 09:57:21,845 [main] INFO  org.mule.module.apikit.MappingExceptionListener - Initialising exception listener: MappingExceptionListener{statusCode=404, exceptions=[org.mule.module.apikit.exception.NotFoundException]}
2019-01-02 09:57:21,847 [main] INFO  org.mule.module.apikit.MappingExceptionListener - Initialising exception listener: MappingExceptionListener{statusCode=405, exceptions=[org.mule.module.apikit.exception.MethodNotAllowedException]}
2019-01-02 09:57:21,848 [main] INFO  org.mule.module.apikit.MappingExceptionListener - Initialising exception listener: MappingExceptionListener{statusCode=415, exceptions=[org.mule.module.apikit.exception.UnsupportedMediaTypeException]}
2019-01-02 09:57:21,848 [main] INFO  org.mule.module.apikit.MappingExceptionListener - Initialising exception listener: MappingExceptionListener{statusCode=406, exceptions=[org.mule.module.apikit.exception.NotAcceptableException]}
2019-01-02 09:57:21,849 [main] INFO  org.mule.module.apikit.MappingExceptionListener - Initialising exception listener: MappingExceptionListener{statusCode=400, exceptions=[org.mule.module.apikit.exception.BadRequestException]}
2019-01-02 09:57:21,856 [main] INFO  org.mule.processor.SedaStageLifecycleManager - Initialising service: HelloWorld-main.stage1
2019-01-02 09:57:21,857 [main] INFO  org.mule.construct.FlowConstructLifecycleManager - Initialising flow: HelloWorld-console
2019-01-02 09:57:21,858 [main] INFO  org.mule.exception.DefaultMessagingExceptionStrategy - Initialising exception listener: org.mule.exception.DefaultMessagingExceptionStrategy@59b65dce
2019-01-02 09:57:21,863 [main] INFO  org.mule.lifecycle.AbstractLifecycleManager - Disposing RegistryBroker
2019-01-02 09:57:21,864 [main] INFO  org.mule.construct.FlowConstructLifecycleManager - Disposing flow: lesson01Flow1
2019-01-02 09:57:21,864 [main] INFO  org.mule.processor.SedaStageLifecycleManager - Disposing service: lesson01Flow1.stage1
2019-01-02 09:57:21,865 [main] INFO  org.mule.construct.FlowConstructLifecycleManager - Disposing flow: lesson01Flow
2019-01-02 09:57:21,865 [main] INFO  org.mule.processor.SedaStageLifecycleManager - Disposing service: lesson01Flow.stage1
2019-01-02 09:57:21,865 [main] INFO  org.mule.construct.FlowConstructLifecycleManager - Disposing flow: HelloWorld-main
2019-01-02 09:57:21,865 [main] INFO  org.mule.processor.SedaStageLifecycleManager - Disposing service: HelloWorld-main.stage1
2019-01-02 09:57:21,866 [main] INFO  org.mule.construct.FlowConstructLifecycleManager - Disposing flow: get:/hello:HelloWorld-config
2019-01-02 09:57:21,867 [main] INFO  org.mule.lifecycle.AbstractLifecycleManager - Disposing model: _muleSystemModel
2019-01-02 09:57:21,875 [main] INFO  org.mule.lifecycle.AbstractLifecycleManager - Disposing connector: Active_MQ
2019-01-02 09:57:21,876 [main] INFO  org.mule.lifecycle.AbstractLifecycleManager - Disposing connector: connector.VM.mule.default
2019-01-02 09:57:21,908 [main] WARN  org.mule.lifecycle.phases.DefaultLifecyclePhase - Failed to dispose object org.mule.util.lock.MuleLockFactory@5478ce1e
org.mule.api.lifecycle.LifecycleException: Failed to invoke lifecycle phase "dispose" on object: org.mule.util.lock.MuleLockFactory@5478ce1e
	at org.mule.lifecycle.phases.DefaultLifecyclePhase.applyLifecycle(DefaultLifecyclePhase.java:243) ~[mule-core-3.9.0.jar:3.9.0]
	at org.mule.lifecycle.phases.MuleContextDisposePhase.applyLifecycle(MuleContextDisposePhase.java:103) ~[mule-core-3.9.0.jar:3.9.0]
	at org.mule.config.spring.SpringRegistryLifecycleManager$SpringContextDisposePhase.applyLifecycle(SpringRegistryLifecycleManager.java:143) ~[mule-module-spring-config-3.9.0.jar:3.9.0]
	at org.mule.lifecycle.RegistryLifecycleCallback.doApplyLifecycle(RegistryLifecycleCallback.java:108) ~[mule-core-3.9.0.jar:3.9.0]
	at org.mule.lifecycle.RegistryLifecycleCallback.onTransition(RegistryLifecycleCallback.java:78) ~[mule-core-3.9.0.jar:3.9.0]
	at org.mule.lifecycle.AbstractLifecycleManager.invokePhase(AbstractLifecycleManager.java:146) ~[mule-core-3.9.0.jar:3.9.0]
	at org.mule.lifecycle.RegistryLifecycleManager.fireLifecycle(RegistryLifecycleManager.java:134) ~[mule-core-3.9.0.jar:3.9.0]
	at org.mule.registry.AbstractRegistry.dispose(AbstractRegistry.java:68) ~[mule-core-3.9.0.jar:3.9.0]
	at org.mule.registry.AbstractRegistryBroker$2.onTransition(AbstractRegistryBroker.java:69) ~[mule-core-3.9.0.jar:3.9.0]
	at org.mule.registry.AbstractRegistryBroker$2.onTransition(AbstractRegistryBroker.java:64) ~[mule-core-3.9.0.jar:3.9.0]
	at org.mule.lifecycle.AbstractLifecycleManager.invokePhase(AbstractLifecycleManager.java:146) ~[mule-core-3.9.0.jar:3.9.0]
	at org.mule.lifecycle.RegistryBrokerLifecycleManager.fireDisposePhase(RegistryBrokerLifecycleManager.java:82) ~[mule-core-3.9.0.jar:3.9.0]
	at org.mule.registry.AbstractRegistryBroker.dispose(AbstractRegistryBroker.java:63) ~[mule-core-3.9.0.jar:3.9.0]
	at org.mule.registry.MuleRegistryHelper.fireLifecycle(MuleRegistryHelper.java:137) ~[mule-core-3.9.0.jar:3.9.0]
	at org.mule.lifecycle.MuleContextLifecycleManager$MuleContextLifecycleCallback.onTransition(MuleContextLifecycleManager.java:74) ~[mule-core-3.9.0.jar:3.9.0]
	at org.mule.lifecycle.MuleContextLifecycleManager$MuleContextLifecycleCallback.onTransition(MuleContextLifecycleManager.java:70) ~[mule-core-3.9.0.jar:3.9.0]
	at org.mule.lifecycle.AbstractLifecycleManager.invokePhase(AbstractLifecycleManager.java:146) ~[mule-core-3.9.0.jar:3.9.0]
	at org.mule.lifecycle.MuleContextLifecycleManager.fireLifecycle(MuleContextLifecycleManager.java:62) ~[mule-core-3.9.0.jar:3.9.0]
	at org.mule.DefaultMuleContext.dispose(DefaultMuleContext.java:440) ~[mule-core-3.9.0.jar:3.9.0]
	at org.mule.context.DefaultMuleContextFactory.doCreateMuleContext(DefaultMuleContextFactory.java:230) ~[mule-core-3.9.0.jar:3.9.0]
	at org.mule.context.DefaultMuleContextFactory.createMuleContext(DefaultMuleContextFactory.java:81) ~[mule-core-3.9.0.jar:3.9.0]
	at org.mule.module.launcher.application.DefaultMuleApplication.init(DefaultMuleApplication.java:210) ~[mule-module-launcher-3.9.0.jar:3.9.0]
	at org.mule.module.launcher.artifact.ArtifactWrapper$2.execute(ArtifactWrapper.java:64) ~[mule-module-launcher-3.9.0.jar:3.9.0]
	at org.mule.module.launcher.artifact.ArtifactWrapper.executeWithinArtifactClassLoader(ArtifactWrapper.java:137) ~[mule-module-launcher-3.9.0.jar:3.9.0]
	at org.mule.module.launcher.artifact.ArtifactWrapper.init(ArtifactWrapper.java:59) ~[mule-module-launcher-3.9.0.jar:3.9.0]
	at org.mule.module.launcher.DefaultArtifactDeployer.deploy(DefaultArtifactDeployer.java:72) ~[mule-module-launcher-3.9.0.jar:3.9.0]
	at org.mule.module.launcher.DefaultArchiveDeployer.deployArtifact(DefaultArchiveDeployer.java:536) ~[mule-module-launcher-3.9.0.jar:3.9.0]
	at org.mule.module.launcher.DefaultArchiveDeployer.deployArtifact(DefaultArchiveDeployer.java:333) ~[mule-module-launcher-3.9.0.jar:3.9.0]
	at org.mule.module.launcher.DefaultArchiveDeployer.deployPackagedArtifact(DefaultArchiveDeployer.java:193) ~[mule-module-launcher-3.9.0.jar:3.9.0]
	at org.mule.module.launcher.DefaultArchiveDeployer.deployPackagedArtifact(DefaultArchiveDeployer.java:282) ~[mule-module-launcher-3.9.0.jar:3.9.0]
	at org.mule.module.launcher.DefaultArchiveDeployer.deployPackagedArtifact(DefaultArchiveDeployer.java:80) ~[mule-module-launcher-3.9.0.jar:3.9.0]
	at org.mule.module.launcher.DefaultArchiveDeployer.deployPackagedArtifact(DefaultArchiveDeployer.java:566) ~[mule-module-launcher-3.9.0.jar:3.9.0]
	at org.mule.module.launcher.DeploymentDirectoryWatcher.deployPackedApps(DeploymentDirectoryWatcher.java:283) ~[mule-module-launcher-3.9.0.jar:3.9.0]
	at org.mule.module.launcher.DeploymentDirectoryWatcher.start(DeploymentDirectoryWatcher.java:155) ~[mule-module-launcher-3.9.0.jar:3.9.0]
	at org.mule.module.launcher.MuleDeploymentService.start(MuleDeploymentService.java:139) ~[mule-module-launcher-3.9.0.jar:3.9.0]
	at org.mule.module.launcher.MuleContainer.start(MuleContainer.java:172) ~[mule-module-launcher-3.9.0.jar:3.9.0]
	at org.mule.tooling.server.application.ApplicationDeployer.main(ApplicationDeployer.java:15) ~[tooling-support-3.9.0.jar:?]
Caused by: java.lang.NullPointerException
	at org.mule.util.lock.MuleLockFactory.dispose(MuleLockFactory.java:32) ~[mule-core-3.9.0.jar:3.9.0]
	at sun.reflect.NativeMethodAccessorImpl.invoke0(Native Method) ~[?:1.8.0_191]
	at sun.reflect.NativeMethodAccessorImpl.invoke(NativeMethodAccessorImpl.java:62) ~[?:1.8.0_191]
	at sun.reflect.DelegatingMethodAccessorImpl.invoke(DelegatingMethodAccessorImpl.java:43) ~[?:1.8.0_191]
	at java.lang.reflect.Method.invoke(Method.java:498) ~[?:1.8.0_191]
	at org.mule.lifecycle.phases.DefaultLifecyclePhase.applyLifecycle(DefaultLifecyclePhase.java:230) ~[mule-core-3.9.0.jar:3.9.0]
	... 36 more
2019-01-02 09:57:22,005 [main] INFO  org.mule.config.spring.MuleArtifactContext - Closing org.mule.config.spring.MuleArtifactContext@3d9f6567: startup date [Wed Jan 02 09:57:18 CST 2019]; root of context hierarchy
2019-01-02 09:57:22,024 [main] ERROR org.mule.module.launcher.application.DefaultMuleApplication - null
java.lang.NullPointerException: null
	at org.mule.module.http.internal.listener.DefaultHttpListener.initialise(DefaultHttpListener.java:216) ~[mule-module-http-3.9.0.jar:3.9.0]
	at org.mule.construct.AbstractFlowConstruct.initialiseIfInitialisable(AbstractFlowConstruct.java:317) ~[mule-core-3.9.0.jar:3.9.0]
	at org.mule.construct.AbstractPipeline.doInitialise(AbstractPipeline.java:241) ~[mule-core-3.9.0.jar:3.9.0]
	at org.mule.construct.Flow.doInitialise(Flow.java:76) ~[mule-core-3.9.0.jar:3.9.0]
	at org.mule.construct.AbstractFlowConstruct$1.onTransition(AbstractFlowConstruct.java:104) ~[mule-core-3.9.0.jar:3.9.0]
	at org.mule.construct.AbstractFlowConstruct$1.onTransition(AbstractFlowConstruct.java:98) ~[mule-core-3.9.0.jar:3.9.0]
	at org.mule.lifecycle.AbstractLifecycleManager.invokePhase(AbstractLifecycleManager.java:146) ~[mule-core-3.9.0.jar:3.9.0]
	at org.mule.construct.FlowConstructLifecycleManager.fireInitialisePhase(FlowConstructLifecycleManager.java:78) ~[mule-core-3.9.0.jar:3.9.0]
	at org.mule.construct.AbstractFlowConstruct.initialise(AbstractFlowConstruct.java:97) ~[mule-core-3.9.0.jar:3.9.0]
	at sun.reflect.GeneratedMethodAccessor12.invoke(Unknown Source) ~[?:?]
	at sun.reflect.DelegatingMethodAccessorImpl.invoke(DelegatingMethodAccessorImpl.java:43) ~[?:1.8.0_191]
	at java.lang.reflect.Method.invoke(Method.java:498) ~[?:1.8.0_191]
	at org.mule.lifecycle.phases.DefaultLifecyclePhase.applyLifecycle(DefaultLifecyclePhase.java:230) ~[mule-core-3.9.0.jar:3.9.0]
	at org.mule.lifecycle.phases.MuleContextInitialisePhase.applyLifecycle(MuleContextInitialisePhase.java:71) ~[mule-core-3.9.0.jar:3.9.0]
	at org.mule.lifecycle.RegistryLifecycleCallback.doApplyLifecycle(RegistryLifecycleCallback.java:108) ~[mule-core-3.9.0.jar:3.9.0]
	at org.mule.lifecycle.RegistryLifecycleCallback.onTransition(RegistryLifecycleCallback.java:78) ~[mule-core-3.9.0.jar:3.9.0]
	at org.mule.lifecycle.AbstractLifecycleManager.invokePhase(AbstractLifecycleManager.java:146) ~[mule-core-3.9.0.jar:3.9.0]
	at org.mule.lifecycle.RegistryLifecycleManager.fireLifecycle(RegistryLifecycleManager.java:134) ~[mule-core-3.9.0.jar:3.9.0]
	at org.mule.registry.AbstractRegistry.fireLifecycle(AbstractRegistry.java:150) ~[mule-core-3.9.0.jar:3.9.0]
	at org.mule.registry.AbstractRegistry.initialise(AbstractRegistry.java:116) ~[mule-core-3.9.0.jar:3.9.0]
	at org.mule.config.spring.SpringXmlConfigurationBuilder.createSpringRegistry(SpringXmlConfigurationBuilder.java:177) ~[mule-module-spring-config-3.9.0.jar:3.9.0]
	at org.mule.config.spring.SpringXmlConfigurationBuilder.doConfigure(SpringXmlConfigurationBuilder.java:100) ~[mule-module-spring-config-3.9.0.jar:3.9.0]
	at org.mule.config.builders.AbstractConfigurationBuilder.configure(AbstractConfigurationBuilder.java:43) ~[mule-core-3.9.0.jar:3.9.0]
	at org.mule.config.builders.AbstractResourceConfigurationBuilder.configure(AbstractResourceConfigurationBuilder.java:69) ~[mule-core-3.9.0.jar:3.9.0]
	at org.mule.config.builders.AutoConfigurationBuilder.autoConfigure(AutoConfigurationBuilder.java:102) ~[mule-core-3.9.0.jar:3.9.0]
	at org.mule.config.builders.AutoConfigurationBuilder.doConfigure(AutoConfigurationBuilder.java:54) ~[mule-core-3.9.0.jar:3.9.0]
	at org.mule.config.builders.AbstractConfigurationBuilder.configure(AbstractConfigurationBuilder.java:43) ~[mule-core-3.9.0.jar:3.9.0]
	at org.mule.config.builders.AbstractResourceConfigurationBuilder.configure(AbstractResourceConfigurationBuilder.java:69) ~[mule-core-3.9.0.jar:3.9.0]
	at org.mule.context.DefaultMuleContextFactory$1.configure(DefaultMuleContextFactory.java:89) ~[mule-core-3.9.0.jar:3.9.0]
	at org.mule.context.DefaultMuleContextFactory.doCreateMuleContext(DefaultMuleContextFactory.java:222) ~[mule-core-3.9.0.jar:3.9.0]
	at org.mule.context.DefaultMuleContextFactory.createMuleContext(DefaultMuleContextFactory.java:81) ~[mule-core-3.9.0.jar:3.9.0]
	at org.mule.module.launcher.application.DefaultMuleApplication.init(DefaultMuleApplication.java:210) ~[mule-module-launcher-3.9.0.jar:3.9.0]
	at org.mule.module.launcher.artifact.ArtifactWrapper$2.execute(ArtifactWrapper.java:64) ~[mule-module-launcher-3.9.0.jar:3.9.0]
	at org.mule.module.launcher.artifact.ArtifactWrapper.executeWithinArtifactClassLoader(ArtifactWrapper.java:137) ~[mule-module-launcher-3.9.0.jar:3.9.0]
	at org.mule.module.launcher.artifact.ArtifactWrapper.init(ArtifactWrapper.java:59) ~[mule-module-launcher-3.9.0.jar:3.9.0]
	at org.mule.module.launcher.DefaultArtifactDeployer.deploy(DefaultArtifactDeployer.java:72) ~[mule-module-launcher-3.9.0.jar:3.9.0]
	at org.mule.module.launcher.DefaultArchiveDeployer.deployArtifact(DefaultArchiveDeployer.java:536) ~[mule-module-launcher-3.9.0.jar:3.9.0]
	at org.mule.module.launcher.DefaultArchiveDeployer.deployArtifact(DefaultArchiveDeployer.java:333) ~[mule-module-launcher-3.9.0.jar:3.9.0]
	at org.mule.module.launcher.DefaultArchiveDeployer.deployPackagedArtifact(DefaultArchiveDeployer.java:193) ~[mule-module-launcher-3.9.0.jar:3.9.0]
	at org.mule.module.launcher.DefaultArchiveDeployer.deployPackagedArtifact(DefaultArchiveDeployer.java:282) ~[mule-module-launcher-3.9.0.jar:3.9.0]
	at org.mule.module.launcher.DefaultArchiveDeployer.deployPackagedArtifact(DefaultArchiveDeployer.java:80) ~[mule-module-launcher-3.9.0.jar:3.9.0]
	at org.mule.module.launcher.DefaultArchiveDeployer.deployPackagedArtifact(DefaultArchiveDeployer.java:566) ~[mule-module-launcher-3.9.0.jar:3.9.0]
	at org.mule.module.launcher.DeploymentDirectoryWatcher.deployPackedApps(DeploymentDirectoryWatcher.java:283) ~[mule-module-launcher-3.9.0.jar:3.9.0]
	at org.mule.module.launcher.DeploymentDirectoryWatcher.start(DeploymentDirectoryWatcher.java:155) ~[mule-module-launcher-3.9.0.jar:3.9.0]
	at org.mule.module.launcher.MuleDeploymentService.start(MuleDeploymentService.java:139) ~[mule-module-launcher-3.9.0.jar:3.9.0]
	at org.mule.module.launcher.MuleContainer.start(MuleContainer.java:172) ~[mule-module-launcher-3.9.0.jar:3.9.0]
	at org.mule.tooling.server.application.ApplicationDeployer.main(ApplicationDeployer.java:15) ~[tooling-support-3.9.0.jar:?]
2019-01-02 09:57:22,037 [main] INFO  org.mule.module.launcher.application.DefaultMuleApplication - App 'lesson01' never started, nothing to dispose of
2019-01-02 09:57:42,129 [Mule.app.deployer.monitor.1.thread.1] INFO  org.mule.module.launcher.application.DefaultMuleApplication - 
++++++++++++++++++++++++++++++++++++++++++++++++++++++++++++
+ Initializing app 'lesson01'                              +
++++++++++++++++++++++++++++++++++++++++++++++++++++++++++++
2019-01-02 09:57:42,134 [Mule.app.deployer.monitor.1.thread.1] INFO  org.mule.lifecycle.AbstractLifecycleManager - Initialising RegistryBroker
2019-01-02 09:57:42,138 [Mule.app.deployer.monitor.1.thread.1] INFO  org.mule.module.extension.internal.manager.DefaultExtensionManager - Starting discovery of extensions
2019-01-02 09:57:42,152 [Mule.app.deployer.monitor.1.thread.1] INFO  org.mule.module.extension.internal.manager.DefaultExtensionManager - Discovered 1 extensions
2019-01-02 09:57:42,152 [Mule.app.deployer.monitor.1.thread.1] INFO  org.mule.module.extension.internal.manager.DefaultExtensionManager - Registering extension validation (version 3.9)
2019-01-02 09:57:42,154 [Mule.app.deployer.monitor.1.thread.1] INFO  org.mule.config.spring.MuleArtifactContext - Refreshing org.mule.config.spring.MuleArtifactContext@5a3a789: startup date [Wed Jan 02 09:57:42 CST 2019]; root of context hierarchy
2019-01-02 09:57:42,678 [Mule.app.deployer.monitor.1.thread.1] INFO  org.mule.config.spring.processors.NoDevkitInjectorProcessor - JSR-330 'javax.inject.Inject' annotation found and supported for autowiring
2019-01-02 09:57:42,927 [Mule.app.deployer.monitor.1.thread.1] INFO  org.mule.util.journal.TransactionJournal - Using files for tx logs D:\MyRemoteWorkspace\.mule\.\.mule\lesson01\queue-tx-log\tx1.log and D:\MyRemoteWorkspace\.mule\.\.mule\lesson01\queue-tx-log\tx2.log
2019-01-02 09:57:42,929 [Mule.app.deployer.monitor.1.thread.1] INFO  org.mule.util.journal.TransactionJournal - Using files for tx logs D:\MyRemoteWorkspace\.mule\.\.mule\lesson01\queue-xa-tx-log\tx1.log and D:\MyRemoteWorkspace\.mule\.\.mule\lesson01\queue-xa-tx-log\tx2.log
2019-01-02 09:57:42,932 [Mule.app.deployer.monitor.1.thread.1] INFO  org.mule.lifecycle.AbstractLifecycleManager - Initialising connector: Active_MQ
2019-01-02 09:57:42,944 [Mule.app.deployer.monitor.1.thread.1] INFO  org.mule.lifecycle.AbstractLifecycleManager - Initialising connector: connector.VM.mule.default
2019-01-02 09:57:42,956 [Mule.app.deployer.monitor.1.thread.1] INFO  org.mule.lifecycle.AbstractLifecycleManager - Initialising model: _muleSystemModel
2019-01-02 09:57:42,959 [Mule.app.deployer.monitor.1.thread.1] INFO  org.mule.construct.FlowConstructLifecycleManager - Initialising flow: lesson01Flow1
2019-01-02 09:57:42,959 [Mule.app.deployer.monitor.1.thread.1] INFO  org.mule.exception.DefaultMessagingExceptionStrategy - Initialising exception listener: org.mule.exception.DefaultMessagingExceptionStrategy@e258fba
2019-01-02 09:57:42,963 [Mule.app.deployer.monitor.1.thread.1] INFO  org.mule.processor.SedaStageLifecycleManager - Initialising service: lesson01Flow1.stage1
2019-01-02 09:57:42,963 [Mule.app.deployer.monitor.1.thread.1] INFO  org.mule.construct.FlowConstructLifecycleManager - Initialising flow: lesson01Flow
2019-01-02 09:57:42,963 [Mule.app.deployer.monitor.1.thread.1] INFO  org.mule.exception.DefaultMessagingExceptionStrategy - Initialising exception listener: org.mule.exception.DefaultMessagingExceptionStrategy@5143e00e
2019-01-02 09:57:42,968 [Mule.app.deployer.monitor.1.thread.1] INFO  org.mule.processor.SedaStageLifecycleManager - Initialising service: lesson01Flow.stage1
2019-01-02 09:57:42,969 [Mule.app.deployer.monitor.1.thread.1] INFO  org.mule.construct.FlowConstructLifecycleManager - Initialising flow: HelloWorld-main
2019-01-02 09:57:42,969 [Mule.app.deployer.monitor.1.thread.1] INFO  org.mule.module.apikit.MappingExceptionListener - Initialising exception listener: MappingExceptionListener{statusCode=404, exceptions=[org.mule.module.apikit.exception.NotFoundException]}
2019-01-02 09:57:42,970 [Mule.app.deployer.monitor.1.thread.1] INFO  org.mule.module.apikit.MappingExceptionListener - Initialising exception listener: MappingExceptionListener{statusCode=405, exceptions=[org.mule.module.apikit.exception.MethodNotAllowedException]}
2019-01-02 09:57:42,970 [Mule.app.deployer.monitor.1.thread.1] INFO  org.mule.module.apikit.MappingExceptionListener - Initialising exception listener: MappingExceptionListener{statusCode=415, exceptions=[org.mule.module.apikit.exception.UnsupportedMediaTypeException]}
2019-01-02 09:57:42,970 [Mule.app.deployer.monitor.1.thread.1] INFO  org.mule.module.apikit.MappingExceptionListener - Initialising exception listener: MappingExceptionListener{statusCode=406, exceptions=[org.mule.module.apikit.exception.NotAcceptableException]}
2019-01-02 09:57:42,970 [Mule.app.deployer.monitor.1.thread.1] INFO  org.mule.module.apikit.MappingExceptionListener - Initialising exception listener: MappingExceptionListener{statusCode=400, exceptions=[org.mule.module.apikit.exception.BadRequestException]}
2019-01-02 09:57:42,975 [Mule.app.deployer.monitor.1.thread.1] INFO  org.mule.processor.SedaStageLifecycleManager - Initialising service: HelloWorld-main.stage1
2019-01-02 09:57:42,977 [Mule.app.deployer.monitor.1.thread.1] INFO  org.mule.construct.FlowConstructLifecycleManager - Initialising flow: HelloWorld-console
2019-01-02 09:57:42,978 [Mule.app.deployer.monitor.1.thread.1] INFO  org.mule.exception.DefaultMessagingExceptionStrategy - Initialising exception listener: org.mule.exception.DefaultMessagingExceptionStrategy@7e8c43ce
2019-01-02 09:57:42,985 [Mule.app.deployer.monitor.1.thread.1] INFO  org.mule.processor.SedaStageLifecycleManager - Initialising service: HelloWorld-console.stage1
2019-01-02 09:57:42,993 [Mule.app.deployer.monitor.1.thread.1] INFO  org.mule.construct.FlowConstructLifecycleManager - Initialising flow: get:/hello:HelloWorld-config
2019-01-02 09:57:42,993 [Mule.app.deployer.monitor.1.thread.1] INFO  org.mule.exception.DefaultMessagingExceptionStrategy - Initialising exception listener: org.mule.exception.DefaultMessagingExceptionStrategy@6c83b7a8
2019-01-02 09:57:42,999 [Mule.app.deployer.monitor.1.thread.1] INFO  org.mule.processor.SedaStageLifecycleManager - Initialising service: get:/hello:HelloWorld-config.stage1
2019-01-02 09:57:43,843 [Mule.app.deployer.monitor.1.thread.1] INFO  org.mule.module.apikit.Configuration - Building resource URI cache...
2019-01-02 09:57:44,170 [Mule.app.deployer.monitor.1.thread.1] INFO  org.mule.config.spring.SpringXmlConfigurationBuilder - Configured Mule using "org.mule.config.spring.SpringXmlConfigurationBuilder" with configuration resource(s): "[ConfigResource{resourceName='D:\MyRemoteWorkspace\.mule\apps\lesson01\lesson01.xml'}, ConfigResource{resourceName='D:\MyRemoteWorkspace\.mule\apps\lesson01\HelloWorld.xml'}]"
2019-01-02 09:57:44,171 [Mule.app.deployer.monitor.1.thread.1] INFO  org.mule.config.builders.AutoConfigurationBuilder - Configured Mule using "org.mule.config.builders.AutoConfigurationBuilder" with configuration resource(s): "[ConfigResource{resourceName='D:\MyRemoteWorkspace\.mule\apps\lesson01\lesson01.xml'}, ConfigResource{resourceName='D:\MyRemoteWorkspace\.mule\apps\lesson01\HelloWorld.xml'}]"
2019-01-02 09:57:44,171 [Mule.app.deployer.monitor.1.thread.1] INFO  org.mule.module.launcher.application.DefaultMuleApplication - 
++++++++++++++++++++++++++++++++++++++++++++++++++++++++++++
+ Starting app 'lesson01'                                  +
++++++++++++++++++++++++++++++++++++++++++++++++++++++++++++
2019-01-02 09:57:44,173 [Mule.app.deployer.monitor.1.thread.1] INFO  org.mule.util.queue.QueueXaResourceManager - Starting ResourceManager
2019-01-02 09:57:44,173 [Mule.app.deployer.monitor.1.thread.1] INFO  org.mule.util.queue.QueueXaResourceManager - Started ResourceManager
2019-01-02 09:57:44,212 [Mule.app.deployer.monitor.1.thread.1] INFO  org.mule.module.http.internal.listener.DefaultHttpListenerConfig - Listening for requests on http://0.0.0.0:8081
2019-01-02 09:57:44,984 [Mule.app.deployer.monitor.1.thread.1] ERROR org.apache.activemq.broker.BrokerService - Temporary Store limit is 51200 mb, whilst the temporary data directory: D:\MyRemoteWorkspace\lesson01\activemq-data\localhost\tmp_storage only has 47741 mb of usable space - resetting to maximum available 47741 mb.
2019-01-02 09:57:45,157 [Mule.app.deployer.monitor.1.thread.1] INFO  org.mule.transport.jms.activemq.ActiveMQJmsConnector - Connected: ActiveMQJmsConnector
{
  name=Active_MQ
  lifecycle=initialise
  this=571edcfe
  numberOfConcurrentTransactedReceivers=4
  createMultipleTransactedReceivers=true
  connected=true
  supportedProtocols=[jms]
  serviceOverrides=<none>
}

2019-01-02 09:57:45,157 [Mule.app.deployer.monitor.1.thread.1] INFO  org.mule.transport.jms.activemq.ActiveMQJmsConnector - Starting: ActiveMQJmsConnector
{
  name=Active_MQ
  lifecycle=initialise
  this=571edcfe
  numberOfConcurrentTransactedReceivers=4
  createMultipleTransactedReceivers=true
  connected=true
  supportedProtocols=[jms]
  serviceOverrides=<none>
}

2019-01-02 09:57:45,158 [Mule.app.deployer.monitor.1.thread.1] INFO  org.mule.lifecycle.AbstractLifecycleManager - Starting connector: Active_MQ
2019-01-02 09:57:45,159 [Mule.app.deployer.monitor.1.thread.1] INFO  org.mule.transport.vm.VMConnector - Connected: VMConnector
{
  name=connector.VM.mule.default
  lifecycle=initialise
  this=69878ef6
  numberOfConcurrentTransactedReceivers=4
  createMultipleTransactedReceivers=true
  connected=true
  supportedProtocols=[vm]
  serviceOverrides=<none>
}

2019-01-02 09:57:45,159 [Mule.app.deployer.monitor.1.thread.1] INFO  org.mule.transport.vm.VMConnector - Starting: VMConnector
{
  name=connector.VM.mule.default
  lifecycle=initialise
  this=69878ef6
  numberOfConcurrentTransactedReceivers=4
  createMultipleTransactedReceivers=true
  connected=true
  supportedProtocols=[vm]
  serviceOverrides=<none>
}

2019-01-02 09:57:45,159 [Mule.app.deployer.monitor.1.thread.1] INFO  org.mule.lifecycle.AbstractLifecycleManager - Starting connector: connector.VM.mule.default
2019-01-02 09:57:45,166 [Mule.app.deployer.monitor.1.thread.1] INFO  org.mule.lifecycle.AbstractLifecycleManager - Starting model: _muleSystemModel
2019-01-02 09:57:45,169 [Mule.app.deployer.monitor.1.thread.1] INFO  org.mule.construct.FlowConstructLifecycleManager - Starting flow: lesson01Flow1
2019-01-02 09:57:45,171 [Mule.app.deployer.monitor.1.thread.1] INFO  org.mule.processor.SedaStageLifecycleManager - Starting service: lesson01Flow1.stage1
2019-01-02 09:57:45,176 [Mule.app.deployer.monitor.1.thread.1] INFO  org.mule.construct.FlowConstructLifecycleManager - Starting flow: lesson01Flow
2019-01-02 09:57:45,178 [Mule.app.deployer.monitor.1.thread.1] INFO  org.mule.processor.SedaStageLifecycleManager - Starting service: lesson01Flow.stage1
2019-01-02 09:57:45,181 [Mule.app.deployer.monitor.1.thread.1] INFO  org.mule.construct.FlowConstructLifecycleManager - Starting flow: HelloWorld-main
2019-01-02 09:57:45,182 [Mule.app.deployer.monitor.1.thread.1] INFO  org.mule.processor.SedaStageLifecycleManager - Starting service: HelloWorld-main.stage1
2019-01-02 09:57:45,205 [Mule.app.deployer.monitor.1.thread.1] INFO  org.mule.module.apikit.Configuration - 
********************************************************************************
* APIKit Console URL: http://127.0.0.1:8081/console                            *
********************************************************************************
2019-01-02 09:57:45,206 [Mule.app.deployer.monitor.1.thread.1] INFO  org.mule.construct.FlowConstructLifecycleManager - Starting flow: HelloWorld-console
2019-01-02 09:57:45,207 [Mule.app.deployer.monitor.1.thread.1] INFO  org.mule.processor.SedaStageLifecycleManager - Starting service: HelloWorld-console.stage1
2019-01-02 09:57:45,212 [Mule.app.deployer.monitor.1.thread.1] INFO  org.mule.construct.FlowConstructLifecycleManager - Starting flow: get:/hello:HelloWorld-config
2019-01-02 09:57:45,212 [Mule.app.deployer.monitor.1.thread.1] INFO  org.mule.processor.SedaStageLifecycleManager - Starting service: get:/hello:HelloWorld-config.stage1
2019-01-02 09:57:45,261 [Mule.app.deployer.monitor.1.thread.1] INFO  org.mule.transport.vm.VMConnector - Registering listener: lesson01Flow1 on endpointUri: vm://qs
2019-01-02 09:57:45,299 [Mule.app.deployer.monitor.1.thread.1] INFO  org.mule.lifecycle.AbstractLifecycleManager - Initialising: 'null'. Object is: VMMessageReceiver
2019-01-02 09:57:45,302 [Mule.app.deployer.monitor.1.thread.1] INFO  org.mule.transport.vm.VMMessageReceiver - Connecting clusterizable message receiver
2019-01-02 09:57:45,303 [Mule.app.deployer.monitor.1.thread.1] INFO  org.mule.lifecycle.AbstractLifecycleManager - Starting: 'null'. Object is: VMMessageReceiver
2019-01-02 09:57:45,303 [Mule.app.deployer.monitor.1.thread.1] INFO  org.mule.transport.vm.VMMessageReceiver - Starting clusterizable message receiver
2019-01-02 09:57:45,318 [Mule.app.deployer.monitor.1.thread.1] INFO  org.mule.module.management.agent.WrapperManagerAgent - This JVM hasn't been launched by the wrapper, the agent will not run.
2019-01-02 09:57:45,375 [Mule.app.deployer.monitor.1.thread.1] INFO  org.mule.module.management.agent.AbstractJmxAgent - Attempting to register service with name: Mule.lesson01:type=Endpoint,service="lesson01Flow1",connector=connector.VM.mule.default,name="endpoint.vm.qs"
2019-01-02 09:57:45,376 [Mule.app.deployer.monitor.1.thread.1] INFO  org.mule.module.management.agent.AbstractJmxAgent - Registered Endpoint Service with name: Mule.lesson01:type=Endpoint,service="lesson01Flow1",connector=connector.VM.mule.default,name="endpoint.vm.qs"
2019-01-02 09:57:45,379 [Mule.app.deployer.monitor.1.thread.1] INFO  org.mule.module.management.agent.AbstractJmxAgent - Registered Connector Service with name Mule.lesson01:type=Connector,name="connector.VM.mule.default"
2019-01-02 09:57:45,380 [Mule.app.deployer.monitor.1.thread.1] INFO  org.mule.module.management.agent.AbstractJmxAgent - Registered Connector Service with name Mule.lesson01:type=Connector,name="Active_MQ"
2019-01-02 09:57:45,387 [Mule.app.deployer.monitor.1.thread.1] INFO  org.mule.DefaultMuleContext - 
**********************************************************************
* Application: lesson01                                              *
* OS encoding: \, Mule encoding: UTF-8                               *
*                                                                    *
* Agents Running:                                                    *
*   JMX Agent                                                        *
*   Wrapper Manager                                                  *
**********************************************************************
2019-01-02 09:58:35,675 [[lesson01].HTTP_Listener_Configuration.worker.01] INFO  org.mule.module.http.internal.listener.HttpListenerRegistry - No listener found for request: (GET)/favicon.ico
2019-01-02 09:58:35,675 [[lesson01].HTTP_Listener_Configuration.worker.01] INFO  org.mule.module.http.internal.listener.HttpListenerRegistry - Available listeners are: [(*)/console/*, (*)/, (*)/api/*]
